<?xml version="1.0" encoding="UTF-8" ?>
<testsuite tests="1" failures="0" name="calendar.CalendarMainTest" time="0" errors="1" skipped="0">
  <properties>
[...]
</properties>
  <testcase classname="calendar.CalendarMainTest" name="test01" time="0">
    <error type="java.lang.NullPointerException">java.lang.NullPointerException
	at calendar.CalendarMain.main(CalendarMain.java:175)
	at calendar.CalendarMainTest.test01(CalendarMainTest.java:17)
	at sun.reflect.NativeMethodAccessorImpl.invoke0(Native Method)
	at sun.reflect.NativeMethodAccessorImpl.invoke(NativeMethodAccessorImpl.java:62)
	at sun.reflect.DelegatingMethodAccessorImpl.invoke(DelegatingMethodAccessorImpl.java:43)
	at java.lang.reflect.Method.invoke(Method.java:498)
	at org.junit.runners.model.FrameworkMethod$1.runReflectiveCall(FrameworkMethod.java:50)
	at org.junit.internal.runners.model.ReflectiveCallable.run(ReflectiveCallable.java:12)
	at org.junit.runners.model.FrameworkMethod.invokeExplosively(FrameworkMethod.java:47)
	at org.junit.internal.runners.statements.InvokeMethod.evaluate(InvokeMethod.java:17)
	at org.junit.runners.ParentRunner.runLeaf(ParentRunner.java:325)
	at org.junit.runners.BlockJUnit4ClassRunner.runChild(BlockJUnit4ClassRunner.java:78)
	at org.junit.runners.BlockJUnit4ClassRunner.runChild(BlockJUnit4ClassRunner.java:57)
	at org.junit.runners.ParentRunner$3.run(ParentRunner.java:290)
	at org.junit.runners.ParentRunner$1.schedule(ParentRunner.java:71)
	at org.junit.runners.ParentRunner.runChildren(ParentRunner.java:288)
	at org.junit.runners.ParentRunner.access$000(ParentRunner.java:58)
	at org.junit.runners.ParentRunner$2.evaluate(ParentRunner.java:268)
	at org.junit.runners.ParentRunner.run(ParentRunner.java:363)
	at org.apache.maven.surefire.junit4.JUnit4Provider.execute(JUnit4Provider.java:252)
	at org.apache.maven.surefire.junit4.JUnit4Provider.executeTestSet(JUnit4Provider.java:141)
	at org.apache.maven.surefire.junit4.JUnit4Provider.invoke(JUnit4Provider.java:112)
	at sun.reflect.NativeMethodAccessorImpl.invoke0(Native Method)
	at sun.reflect.NativeMethodAccessorImpl.invoke(NativeMethodAccessorImpl.java:62)
	at sun.reflect.DelegatingMethodAccessorImpl.invoke(DelegatingMethodAccessorImpl.java:43)
	at java.lang.reflect.Method.invoke(Method.java:498)
	at org.apache.maven.surefire.util.ReflectionUtils.invokeMethodWithArray(ReflectionUtils.java:189)
	at org.apache.maven.surefire.booter.ProviderFactory$ProviderProxy.invoke(ProviderFactory.java:165)
	at org.apache.maven.surefire.booter.ProviderFactory.invokeProvider(ProviderFactory.java:85)
	at org.apache.maven.surefire.booter.ForkedBooter.runSuitesInProcess(ForkedBooter.java:115)
	at org.apache.maven.surefire.booter.ForkedBooter.main(ForkedBooter.java:75)
</error>
    <system-out>Calendar Main: 

null
	1/29/2018 at 2:30pm ,Class, Rescheduled class.

	1/29/2018 at 1:30pm ,Meeting Today, Meeting with the students.

	2/30/2018 at 4:30pm ,Visit, Visiting my parents!

The Appointments are not sorted!
[null, 	1/29/2018 at 2:30pm ,Class, Rescheduled class.
, 	1/29/2018 at 1:30pm ,Meeting Today, Meeting with the students.
, 	2/30/2018 at 4:30pm ,Visit, Visiting my parents!
]
The Appointments are sorted!
[	1/29/2018 at 1:30pm ,Meeting Today, Meeting with the students.
, 	1/29/2018 at 2:30pm ,Class, Rescheduled class.
, null, 	2/30/2018 at 4:30pm ,Visit, Visiting my parents!
]
today is:2/1/2018
tomorrow is:2/2/2018
The number of appointments between 2/1/2018 and 2/2/2018
	 --- 2/1/2018 --- 
 --- -------- Appointments ------------ --- 
	1/29/2018 at 2:30pm ,Class, Rescheduled class.
 

Delete  null
</system-out>
  </testcase>
</testsuite>